<?xml version="1.0" encoding="UTF-8"?>
<!-- Generated by org.testng.reporters.JUnitXMLReporter -->
<testsuite ignored="0" hostname="LTINNBTDS292DTQ" failures="0" tests="5" name="Home Tests" time="67.826" errors="0" timestamp="2026-05-29T11:22:55 IST">
  <testcase classname="tests.HomeTest" name="testHomePageHasVideoThumbnails" time="4.485"/>
  <testcase classname="tests.HomeTest" name="testHomePageTitle" time="15.488"/>
  <testcase classname="tests.HomeTest" name="testHomePageUrl" time="15.23"/>
  <testcase classname="tests.HomeTest" name="testLogoIsVisible" time="15.259"/>
  <testcase classname="tests.HomeTest" name="testSearchBoxIsVisible" time="4.564"/>
</testsuite> <!-- Home Tests -->
