<?xml version="1.0" encoding="UTF-8"?>
<testsuite xmlns:xsi="http://www.w3.org/2001/XMLSchema-instance" xsi:noNamespaceSchemaLocation="https://maven.apache.org/surefire/maven-surefire-plugin/xsd/surefire-test-report-3.0.xsd" version="3.0" name="TestSuite" time="70.934" tests="5" errors="0" skipped="0" failures="0">
  <properties>
[...]
</properties>
  <testcase name="testHomePageHasVideoThumbnails" classname="tests.HomeTest" time="4.549">
    <system-out><![CDATA[2026-05-29 11:21:47 [main] INFO  base.BaseTest - Cleared 0 screenshot(s) from previous run
2026-05-29 11:21:47 [main] INFO  base.BaseTest - Test suite started
2026-05-29 11:21:47 [main] INFO  base.BaseTest - Launching chrome for: testHomePageHasVideoThumbnails
2026-05-29 11:21:48 [main] INFO  io.github.bonigarcia.wdm.WebDriverManager - Using chromedriver 148.0.7778.178 (resolved driver for Chrome 148)
2026-05-29 11:21:48 [main] INFO  io.github.bonigarcia.wdm.WebDriverManager - Exporting webdriver.chrome.driver as C:\Users\singh.narayanmanoj\.cache\selenium\chromedriver\win64\148.0.7778.178\chromedriver.exe
2026-05-29 11:21:50 [main] INFO  base.BaseTest - CDP stealth patch applied
2026-05-29 11:21:50 [main] INFO  base.BaseTest - Browser ready for: testHomePageHasVideoThumbnails
2026-05-29 11:21:50 [main] INFO  listeners.TestNGListener - Test started: testHomePageHasVideoThumbnails
2026-05-29 11:21:55 [main] INFO  listeners.TestNGListener - Test passed: testHomePageHasVideoThumbnails
]]></system-out>
    <system-err><![CDATA[May 29, 2026 11:21:50 AM org.openqa.selenium.devtools.CdpVersionFinder findNearestMatch
WARNING: Unable to find CDP implementation matching 148
May 29, 2026 11:21:50 AM org.openqa.selenium.chromium.ChromiumDriver lambda$new$4
WARNING: Unable to find version of CDP to use for 148.0.7778.216. You may need to include a dependency on a specific version of the CDP using something similar to `org.seleniumhq.selenium:selenium-devtools-v86:4.34.0` where the version ("v86") matches the version of the chromium-based browser you're using and the version number of the artifact is the same as Selenium's.
]]></system-err>
  </testcase>
  <testcase name="testHomePageTitle" classname="tests.HomeTest" time="15.498">
    <system-out><![CDATA[2026-05-29 11:21:55 [main] INFO  base.BaseTest - Browser closed: testHomePageHasVideoThumbnails
2026-05-29 11:21:55 [main] INFO  base.BaseTest - Launching chrome for: testHomePageTitle
2026-05-29 11:21:55 [main] INFO  io.github.bonigarcia.wdm.WebDriverManager - Using chromedriver 148.0.7778.178 (resolved driver for Chrome 148)
2026-05-29 11:21:55 [main] INFO  io.github.bonigarcia.wdm.WebDriverManager - Exporting webdriver.chrome.driver as C:\Users\singh.narayanmanoj\.cache\selenium\chromedriver\win64\148.0.7778.178\chromedriver.exe
2026-05-29 11:21:57 [main] INFO  base.BaseTest - CDP stealth patch applied
2026-05-29 11:21:57 [main] INFO  base.BaseTest - Browser ready for: testHomePageTitle
2026-05-29 11:21:57 [main] INFO  listeners.TestNGListener - Test started: testHomePageTitle
2026-05-29 11:22:12 [main] INFO  listeners.TestNGListener - Test passed: testHomePageTitle
]]></system-out>
    <system-err><![CDATA[May 29, 2026 11:21:57 AM org.openqa.selenium.devtools.CdpVersionFinder findNearestMatch
WARNING: Unable to find CDP implementation matching 148
May 29, 2026 11:21:57 AM org.openqa.selenium.chromium.ChromiumDriver lambda$new$4
WARNING: Unable to find version of CDP to use for 148.0.7778.216. You may need to include a dependency on a specific version of the CDP using something similar to `org.seleniumhq.selenium:selenium-devtools-v86:4.34.0` where the version ("v86") matches the version of the chromium-based browser you're using and the version number of the artifact is the same as Selenium's.
]]></system-err>
  </testcase>
  <testcase name="testHomePageUrl" classname="tests.HomeTest" time="15.223">
    <system-out><![CDATA[2026-05-29 11:22:13 [main] INFO  base.BaseTest - Browser closed: testHomePageTitle
2026-05-29 11:22:13 [main] INFO  base.BaseTest - Launching chrome for: testHomePageUrl
2026-05-29 11:22:13 [main] INFO  io.github.bonigarcia.wdm.WebDriverManager - Using chromedriver 148.0.7778.178 (resolved driver for Chrome 148)
2026-05-29 11:22:13 [main] INFO  io.github.bonigarcia.wdm.WebDriverManager - Exporting webdriver.chrome.driver as C:\Users\singh.narayanmanoj\.cache\selenium\chromedriver\win64\148.0.7778.178\chromedriver.exe
2026-05-29 11:22:15 [main] INFO  base.BaseTest - CDP stealth patch applied
2026-05-29 11:22:15 [main] INFO  base.BaseTest - Browser ready for: testHomePageUrl
2026-05-29 11:22:15 [main] INFO  listeners.TestNGListener - Test started: testHomePageUrl
2026-05-29 11:22:30 [main] INFO  listeners.TestNGListener - Test passed: testHomePageUrl
]]></system-out>
    <system-err><![CDATA[May 29, 2026 11:22:15 AM org.openqa.selenium.devtools.CdpVersionFinder findNearestMatch
WARNING: Unable to find CDP implementation matching 148
May 29, 2026 11:22:15 AM org.openqa.selenium.chromium.ChromiumDriver lambda$new$4
WARNING: Unable to find version of CDP to use for 148.0.7778.216. You may need to include a dependency on a specific version of the CDP using something similar to `org.seleniumhq.selenium:selenium-devtools-v86:4.34.0` where the version ("v86") matches the version of the chromium-based browser you're using and the version number of the artifact is the same as Selenium's.
]]></system-err>
  </testcase>
  <testcase name="testLogoIsVisible" classname="tests.HomeTest" time="15.267">
    <system-out><![CDATA[2026-05-29 11:22:31 [main] INFO  base.BaseTest - Browser closed: testHomePageUrl
2026-05-29 11:22:31 [main] INFO  base.BaseTest - Launching chrome for: testLogoIsVisible
2026-05-29 11:22:31 [main] INFO  io.github.bonigarcia.wdm.WebDriverManager - Using chromedriver 148.0.7778.178 (resolved driver for Chrome 148)
2026-05-29 11:22:31 [main] INFO  io.github.bonigarcia.wdm.WebDriverManager - Exporting webdriver.chrome.driver as C:\Users\singh.narayanmanoj\.cache\selenium\chromedriver\win64\148.0.7778.178\chromedriver.exe
2026-05-29 11:22:32 [main] INFO  base.BaseTest - CDP stealth patch applied
2026-05-29 11:22:32 [main] INFO  base.BaseTest - Browser ready for: testLogoIsVisible
2026-05-29 11:22:32 [main] INFO  listeners.TestNGListener - Test started: testLogoIsVisible
2026-05-29 11:22:47 [main] INFO  listeners.TestNGListener - Test passed: testLogoIsVisible
]]></system-out>
    <system-err><![CDATA[May 29, 2026 11:22:32 AM org.openqa.selenium.devtools.CdpVersionFinder findNearestMatch
WARNING: Unable to find CDP implementation matching 148
May 29, 2026 11:22:32 AM org.openqa.selenium.chromium.ChromiumDriver lambda$new$4
WARNING: Unable to find version of CDP to use for 148.0.7778.216. You may need to include a dependency on a specific version of the CDP using something similar to `org.seleniumhq.selenium:selenium-devtools-v86:4.34.0` where the version ("v86") matches the version of the chromium-based browser you're using and the version number of the artifact is the same as Selenium's.
]]></system-err>
  </testcase>
  <testcase name="testSearchBoxIsVisible" classname="tests.HomeTest" time="4.558">
    <system-out><![CDATA[2026-05-29 11:22:48 [main] INFO  base.BaseTest - Browser closed: testLogoIsVisible
2026-05-29 11:22:48 [main] INFO  base.BaseTest - Launching chrome for: testSearchBoxIsVisible
2026-05-29 11:22:48 [main] INFO  io.github.bonigarcia.wdm.WebDriverManager - Using chromedriver 148.0.7778.178 (resolved driver for Chrome 148)
2026-05-29 11:22:48 [main] INFO  io.github.bonigarcia.wdm.WebDriverManager - Exporting webdriver.chrome.driver as C:\Users\singh.narayanmanoj\.cache\selenium\chromedriver\win64\148.0.7778.178\chromedriver.exe
2026-05-29 11:22:49 [main] INFO  base.BaseTest - CDP stealth patch applied
2026-05-29 11:22:50 [main] INFO  base.BaseTest - Browser ready for: testSearchBoxIsVisible
2026-05-29 11:22:50 [main] INFO  listeners.TestNGListener - Test started: testSearchBoxIsVisible
2026-05-29 11:22:54 [main] INFO  listeners.TestNGListener - Test passed: testSearchBoxIsVisible
]]></system-out>
    <system-err><![CDATA[May 29, 2026 11:22:49 AM org.openqa.selenium.devtools.CdpVersionFinder findNearestMatch
WARNING: Unable to find CDP implementation matching 148
May 29, 2026 11:22:49 AM org.openqa.selenium.chromium.ChromiumDriver lambda$new$4
WARNING: Unable to find version of CDP to use for 148.0.7778.216. You may need to include a dependency on a specific version of the CDP using something similar to `org.seleniumhq.selenium:selenium-devtools-v86:4.34.0` where the version ("v86") matches the version of the chromium-based browser you're using and the version number of the artifact is the same as Selenium's.
]]></system-err>
  </testcase>
</testsuite>