<?xml version="1.0" encoding="UTF-8"?>
<!-- Generated by org.testng.reporters.JUnitReportReporter -->
<testsuite hostname="LTINNBTDS292DTQ" failures="0" tests="5" name="tests.HomeTest" time="67.440" errors="0" timestamp="2026-05-29T11:22:56 IST" skipped="0">
  <testcase classname="tests.HomeTest" name="testSearchBoxIsVisible" time="6.869"/>
  <testcase classname="tests.HomeTest" name="testHomePageTitle" time="17.563"/>
  <testcase classname="tests.HomeTest" name="testHomePageUrl" time="17.425"/>
  <testcase classname="tests.HomeTest" name="testHomePageHasVideoThumbnails" time="8.261"/>
  <testcase classname="tests.HomeTest" name="testLogoIsVisible" time="17.322"/>
</testsuite> <!-- tests.HomeTest -->
